lleonvega@hacc-build-01:~/ecaslab/steven.arias/bfp_fpga/HW/tmp.hw/reports/bfp_kernel/hls_reports$ cat bfp_kernel_csynth.rpt 


================================================================
== Vitis HLS Report for 'bfp_kernel'
================================================================
* Date:           Wed Nov 12 18:49:42 2025

* Version:        2024.2 (Build 5238294 on Nov  8 2024)
* Project:        bfp_kernel
* Solution:       solution (Vitis Kernel Flow Target)
* Product family: virtexuplusHBM
* Target device:  xcu55c-fsvh2892-2L-e


================================================================
== Performance Estimates
================================================================
+ Timing: 
    * Summary: 
    +--------+---------+----------+------------+
    |  Clock |  Target | Estimated| Uncertainty|
    +--------+---------+----------+------------+
    |ap_clk  |  4.00 ns|  2.920 ns|     1.08 ns|
    +--------+---------+----------+------------+

+ Latency: 
    * Summary: 
    +---------+---------+----------+----------+-----+-----+---------+
    |  Latency (cycles) |  Latency (absolute) |  Interval | Pipeline|
    |   min   |   max   |    min   |    max   | min | max |   Type  |
    +---------+---------+----------+----------+-----+-----+---------+
    |        ?|        ?|         ?|         ?|    ?|    ?|       no|
    +---------+---------+----------+----------+-----+-----+---------+

    + Detail: 
        * Instance: 
        +--------------------------------------------------+--------------------------------------+---------+---------+-----------+-----------+-----+-----+------------------------------------------------+
        |                                                  |                                      |  Latency (cycles) |   Latency (absolute)  |  Interval |                    Pipeline                    |
        |                     Instance                     |                Module                |   min   |   max   |    min    |    max    | min | max |                      Type                      |
        +--------------------------------------------------+--------------------------------------+---------+---------+-----------+-----------+-----+-----+------------------------------------------------+
        |grp_bfp_kernel_Pipeline_VITIS_LOOP_95_2_fu_3527   |bfp_kernel_Pipeline_VITIS_LOOP_95_2   |       18|       18|  72.000 ns|  72.000 ns|   17|   17|  loop auto-rewind stp (delay=0 clock cycles(s))|
        |grp_bfp_kernel_Pipeline_VITIS_LOOP_103_3_fu_3533  |bfp_kernel_Pipeline_VITIS_LOOP_103_3  |       18|       18|  72.000 ns|  72.000 ns|   17|   17|  loop auto-rewind stp (delay=0 clock cycles(s))|
        |grp_bfp_kernel_Pipeline_VITIS_LOOP_113_4_fu_3541  |bfp_kernel_Pipeline_VITIS_LOOP_113_4  |       18|       18|  72.000 ns|  72.000 ns|   17|   17|  loop auto-rewind stp (delay=0 clock cycles(s))|
        |grp_decode_block_BFP_bias_5_7_16ul_s_fu_3549      |decode_block_BFP_bias_5_7_16ul_s      |       28|       28|   0.112 us|   0.112 us|   17|   17|  loop auto-rewind stp (delay=0 clock cycles(s))|
        |grp_encode_block_BFP_bias_5_7_16ul_s_fu_3558      |encode_block_BFP_bias_5_7_16ul_s      |       45|       48|   0.180 us|   0.192 us|   45|   48|                                              no|
        |grp_rcp_blocks_BFP_bias_5_7_16ul_s_fu_3565        |rcp_blocks_BFP_bias_5_7_16ul_s        |       71|       92|   0.284 us|   0.368 us|   71|   92|                                              no|
        |grp_div_blocks_BFP_bias_5_7_16ul_s_fu_3575        |div_blocks_BFP_bias_5_7_16ul_s        |      105|      126|   0.420 us|   0.504 us|  105|  126|                                              no|
        |grp_mul_blocks_BFP_bias_5_7_16ul_1_fu_3589        |mul_blocks_BFP_bias_5_7_16ul_1        |       31|       31|   0.124 us|   0.124 us|   31|   31|                                              no|
        |grp_sub_blocks_BFP_bias_5_7_16ul_s_fu_3603        |sub_blocks_BFP_bias_5_7_16ul_s        |       59|      121|   0.236 us|   0.484 us|   59|  121|                                              no|
        |grp_add_blocks_BFP_bias_5_7_16ul_s_fu_3617        |add_blocks_BFP_bias_5_7_16ul_s        |       29|       91|   0.116 us|   0.364 us|   29|   91|                                              no|
        |grp_bfp_kernel_Pipeline_VITIS_LOOP_164_5_fu_3631  |bfp_kernel_Pipeline_VITIS_LOOP_164_5  |       18|       18|  72.000 ns|  72.000 ns|   17|   17|  loop auto-rewind stp (delay=0 clock cycles(s))|
        |grp_bfp_kernel_Pipeline_VITIS_LOOP_171_6_fu_3637  |bfp_kernel_Pipeline_VITIS_LOOP_171_6  |       18|       18|  72.000 ns|  72.000 ns|   17|   17|  loop auto-rewind stp (delay=0 clock cycles(s))|
        +--------------------------------------------------+--------------------------------------+---------+---------+-----------+-----------+-----+-----+------------------------------------------------+

        * Loop: 
        +-------------------+---------+---------+-----------+-----------+-----------+------+----------+
        |                   |  Latency (cycles) | Iteration |  Initiation Interval  | Trip |          |
        |     Loop Name     |   min   |   max   |  Latency  |  achieved |   target  | Count| Pipelined|
        +-------------------+---------+---------+-----------+-----------+-----------+------+----------+
        |- VITIS_LOOP_81_1  |        ?|        ?|  109 ~ 419|          -|          -|     ?|        no|
        +-------------------+---------+---------+-----------+-----------+-----------+------+----------+



================================================================
== Utilization Estimates
================================================================
* Summary: 
+---------------------+---------+------+---------+---------+-----+
|         Name        | BRAM_18K|  DSP |    FF   |   LUT   | URAM|
+---------------------+---------+------+---------+---------+-----+
|DSP                  |        -|     -|        -|        -|    -|
|Expression           |        -|     -|        0|     1014|    -|
|FIFO                 |        -|     -|        -|        -|    -|
|Instance             |       92|     9|    31068|    36167|    0|
|Memory               |        0|     -|      554|      575|    0|
|Multiplexer          |        -|     -|        0|     6176|    -|
|Register             |        -|     -|     5078|        -|    -|
+---------------------+---------+------+---------+---------+-----+
|Total                |       92|     9|    36700|    43932|    0|
+---------------------+---------+------+---------+---------+-----+
|Available SLR        |     1344|  3008|   869120|   434560|  320|
+---------------------+---------+------+---------+---------+-----+
|Utilization SLR (%)  |        6|    ~0|        4|       10|    0|
+---------------------+---------+------+---------+---------+-----+
|Available            |     4032|  9024|  2607360|  1303680|  960|
+---------------------+---------+------+---------+---------+-----+
|Utilization (%)      |        2|    ~0|        1|        3|    0|
+---------------------+---------+------+---------+---------+-----+

+ Detail: 
    * Instance: 
    +--------------------------------------------------+--------------------------------------+---------+----+------+------+-----+
    |                     Instance                     |                Module                | BRAM_18K| DSP|  FF  |  LUT | URAM|
    +--------------------------------------------------+--------------------------------------+---------+----+------+------+-----+
    |grp_add_blocks_BFP_bias_5_7_16ul_s_fu_3617        |add_blocks_BFP_bias_5_7_16ul_s        |        0|   0|   781|  3396|    0|
    |grp_bfp_kernel_Pipeline_VITIS_LOOP_103_3_fu_3533  |bfp_kernel_Pipeline_VITIS_LOOP_103_3  |        0|   0|  1032|    72|    0|
    |grp_bfp_kernel_Pipeline_VITIS_LOOP_113_4_fu_3541  |bfp_kernel_Pipeline_VITIS_LOOP_113_4  |        0|   0|  1032|    72|    0|
    |grp_bfp_kernel_Pipeline_VITIS_LOOP_164_5_fu_3631  |bfp_kernel_Pipeline_VITIS_LOOP_164_5  |        0|   0|   520|    72|    0|
    |grp_bfp_kernel_Pipeline_VITIS_LOOP_171_6_fu_3637  |bfp_kernel_Pipeline_VITIS_LOOP_171_6  |        0|   0|  1032|    81|    0|
    |grp_bfp_kernel_Pipeline_VITIS_LOOP_95_2_fu_3527   |bfp_kernel_Pipeline_VITIS_LOOP_95_2   |        0|   0|   520|    63|    0|
    |control_s_axi_U                                   |control_s_axi                         |        0|   0|   882|  1576|    0|
    |grp_decode_block_BFP_bias_5_7_16ul_s_fu_3549      |decode_block_BFP_bias_5_7_16ul_s      |        0|   3|   468|   624|    0|
    |grp_div_blocks_BFP_bias_5_7_16ul_s_fu_3575        |div_blocks_BFP_bias_5_7_16ul_s        |        0|   2|  6162|  7715|    0|
    |grp_encode_block_BFP_bias_5_7_16ul_s_fu_3558      |encode_block_BFP_bias_5_7_16ul_s      |        0|   0|   375|  2004|    0|
    |gmem0_m_axi_U                                     |gmem0_m_axi                           |       30|   0|  3511|  2679|    0|
    |gmem1_m_axi_U                                     |gmem1_m_axi                           |        2|   0|   687|   709|    0|
    |gmem2_m_axi_U                                     |gmem2_m_axi                           |       30|   0|  3511|  2679|    0|
    |gmem3_m_axi_U                                     |gmem3_m_axi                           |       30|   0|  3511|  2679|    0|
    |grp_mul_blocks_BFP_bias_5_7_16ul_1_fu_3589        |mul_blocks_BFP_bias_5_7_16ul_1        |        0|   4|   466|   915|    0|
    |grp_rcp_blocks_BFP_bias_5_7_16ul_s_fu_3565        |rcp_blocks_BFP_bias_5_7_16ul_s        |        0|   0|  5701|  6673|    0|
    |grp_sub_blocks_BFP_bias_5_7_16ul_s_fu_3603        |sub_blocks_BFP_bias_5_7_16ul_s        |        0|   0|   877|  4158|    0|
    +--------------------------------------------------+--------------------------------------+---------+----+------+------+-----+
    |Total                                             |                                      |       92|   9| 31068| 36167|    0|
    +--------------------------------------------------+--------------------------------------+---------+----+------+------+-----+

    * DSP: 
    N/A

    * Memory: 
    +---------------+--------------------------------------------------------+---------+----+----+-----+------+-----+------+-------------+
    |     Memory    |                         Module                         | BRAM_18K| FF | LUT| URAM| Words| Bits| Banks| W*Bits*Banks|
    +---------------+--------------------------------------------------------+---------+----+----+-----+------+-----+------+-------------+
    |Z_sign_U       |rcp_blocks_BFP_bias_5_7_16ul_s_Ei_RAM_AUTO_1R1W         |        0|  32|  33|    0|    16|   32|     1|          512|
    |Z_mant_U       |rcp_blocks_BFP_bias_5_7_16ul_s_Ei_RAM_AUTO_1R1W         |        0|  32|  33|    0|    16|   32|     1|          512|
    |fp_in_U        |rcp_blocks_BFP_bias_5_7_16ul_s_Ei_RAM_AUTO_1R1W         |        0|  32|  33|    0|    16|   32|     1|          512|
    |fp_out_U       |rcp_blocks_BFP_bias_5_7_16ul_s_Ei_RAM_AUTO_1R1W         |        0|  32|  33|    0|    16|   32|     1|          512|
    |ref_tmp58_U    |ref_tmp58_RAM_AUTO_1R1W                                 |        0|  32|  33|    0|    16|   32|     1|          512|
    |ref_tmp68_2_U  |ref_tmp68_2_RAM_AUTO_1R1W                               |        0|  16|  17|    0|    16|    9|     1|          144|
    |ref_tmp_1_U    |ref_tmp_1_RAM_AUTO_1R1W                                 |        0|   2|   3|    0|    16|    1|     1|           16|
    |ref_tmp_2_U    |ref_tmp_2_RAM_AUTO_1R1W                                 |        0|   8|   9|    0|    16|    8|     1|          128|
    |ref_tmp64_2_U  |ref_tmp_2_RAM_AUTO_1R1W                                 |        0|   8|   9|    0|    16|    8|     1|          128|
    |ref_tmp66_2_U  |ref_tmp_2_RAM_AUTO_1R1W                                 |        0|   8|   9|    0|    16|    8|     1|          128|
    |A_sign_U       |sub_blocks_BFP_bias_5_7_16ul_s_Bneg_sign_RAM_AUTO_1R1W  |        0|  32|  33|    0|    16|   32|     1|          512|
    |A_mant_U       |sub_blocks_BFP_bias_5_7_16ul_s_Bneg_sign_RAM_AUTO_1R1W  |        0|  32|  33|    0|    16|   32|     1|          512|
    |B_sign_U       |sub_blocks_BFP_bias_5_7_16ul_s_Bneg_sign_RAM_AUTO_1R1W  |        0|  32|  33|    0|    16|   32|     1|          512|
    |B_mant_U       |sub_blocks_BFP_bias_5_7_16ul_s_Bneg_sign_RAM_AUTO_1R1W  |        0|  32|  33|    0|    16|   32|     1|          512|
    |ref_tmp60_1_U  |sub_blocks_BFP_bias_5_7_16ul_s_Bneg_sign_RAM_AUTO_1R1W  |        0|  32|  33|    0|    16|   32|     1|          512|
    |ref_tmp60_2_U  |sub_blocks_BFP_bias_5_7_16ul_s_Bneg_sign_RAM_AUTO_1R1W  |        0|  32|  33|    0|    16|   32|     1|          512|
    |ref_tmp62_1_U  |sub_blocks_BFP_bias_5_7_16ul_s_Bneg_sign_RAM_AUTO_1R1W  |        0|  32|  33|    0|    16|   32|     1|          512|
    |ref_tmp62_2_U  |sub_blocks_BFP_bias_5_7_16ul_s_Bneg_sign_RAM_AUTO_1R1W  |        0|  32|  33|    0|    16|   32|     1|          512|
    |ref_tmp64_1_U  |sub_blocks_BFP_bias_5_7_16ul_s_Bneg_sign_RAM_AUTO_1R1W  |        0|  32|  33|    0|    16|   32|     1|          512|
    |ref_tmp66_1_U  |sub_blocks_BFP_bias_5_7_16ul_s_Bneg_sign_RAM_AUTO_1R1W  |        0|  32|  33|    0|    16|   32|     1|          512|
    |ref_tmp68_1_U  |sub_blocks_BFP_bias_5_7_16ul_s_Bneg_sign_RAM_AUTO_1R1W  |        0|  32|  33|    0|    16|   32|     1|          512|
    +---------------+--------------------------------------------------------+---------+----+----+-----+------+-----+------+-------------+
    |Total          |                                                        |        0| 554| 575|    0|   336|  546|    21|         8736|
    +---------------+--------------------------------------------------------+---------+----+----+-----+------+-----+------+-------------+

    * FIFO: 
    N/A

    * Expression: 
    +-----------------------------------+----------+----+---+----+------------+------------+
    |           Variable Name           | Operation| DSP| FF| LUT| Bitwidth P0| Bitwidth P1|
    +-----------------------------------+----------+----+---+----+------------+------------+
    |add_ln102_fu_3758_p2               |         +|   0|  0|  71|          64|          64|
    |add_ln112_fu_3844_p2               |         +|   0|  0|  71|          64|          64|
    |add_ln170_fu_4178_p2               |         +|   0|  0|  71|          64|          64|
    |add_ln81_1_fu_3702_p2              |         +|   0|  0|  71|          64|          64|
    |add_ln81_2_fu_3707_p2              |         +|   0|  0|  71|          64|          64|
    |add_ln81_3_fu_3712_p2              |         +|   0|  0|  71|          64|          64|
    |add_ln81_4_fu_3717_p2              |         +|   0|  0|  71|          64|          64|
    |add_ln81_5_fu_3722_p2              |         +|   0|  0|  71|          64|          64|
    |add_ln81_6_fu_3727_p2              |         +|   0|  0|  71|          64|          64|
    |add_ln81_7_fu_3732_p2              |         +|   0|  0|  71|          64|          64|
    |add_ln81_8_fu_3676_p2              |         +|   0|  0|  39|          32|           1|
    |add_ln81_fu_3697_p2                |         +|   0|  0|  71|          64|          64|
    |operation_off_fu_3651_p2           |         +|   0|  0|  39|          32|           3|
    |ap_block_state157_on_subcall_done  |       and|   0|  0|   2|           1|           1|
    |ap_block_state231_on_subcall_done  |       and|   0|  0|   2|           1|           1|
    |ap_predicate_op1275_call_state157  |       and|   0|  0|   2|           1|           1|
    |ap_predicate_op1508_call_state231  |       and|   0|  0|   2|           1|           1|
    |cmp69_fu_3645_p2                   |      icmp|   0|  0|  39|          32|           1|
    |empty_fu_3657_p2                   |      icmp|   0|  0|  39|          32|           3|
    |icmp_ln81_fu_3671_p2               |      icmp|   0|  0|  39|          32|          32|
    |A_mant_we0                         |        or|   0|  0|   2|           1|           1|
    |A_sign_we0                         |        or|   0|  0|   2|           1|           1|
    |B_mant_we0                         |        or|   0|  0|   2|           1|           1|
    |B_sign_we0                         |        or|   0|  0|   2|           1|           1|
    |ap_block_state1                    |        or|   0|  0|   2|           1|           1|
    |ap_block_state155                  |        or|   0|  0|   2|           1|           1|
    |ap_block_state158_io               |        or|   0|  0|   2|           1|           1|
    |ap_block_state233_on_subcall_done  |        or|   0|  0|   2|           1|           1|
    |ap_block_state243_on_subcall_done  |        or|   0|  0|   2|           1|           1|
    |ap_block_state263_io               |        or|   0|  0|   2|           1|           1|
    |ap_block_state264_io               |        or|   0|  0|   2|           1|           1|
    |ap_block_state332                  |        or|   0|  0|   2|           1|           1|
    |ap_predicate_pred5759_state233     |        or|   0|  0|   2|           1|           1|
    |ap_predicate_pred5762_state243     |        or|   0|  0|   2|           1|           1|
    |fp_in_we0                          |        or|   0|  0|   2|           1|           1|
    +-----------------------------------+----------+----+---+----+------------+------------+
    |Total                              |          |   0|  0|1014|         883|         763|
    +-----------------------------------+----------+----+---+----+------------+------------+

    * Multiplexer: 
    +------------------------------------------+------+-----------+-----+-----------+
    |                   Name                   |  LUT | Input Size| Bits| Total Bits|
    +------------------------------------------+------+-----------+-----+-----------+
    |A_exp_shared_0_reg_3459                   |     9|          2|   32|         64|
    |A_mant_address0                           |    37|          7|    4|         28|
    |A_mant_address0_local                     |    49|          9|    4|         36|
    |A_mant_address1_local                     |    49|          9|    4|         36|
    |A_mant_ce0                                |    37|          7|    1|          7|
    |A_mant_d0                                 |     9|          2|   32|         64|
    |A_mant_we0                                |     9|          2|    1|          2|
    |A_sign_address0                           |    37|          7|    4|         28|
    |A_sign_address0_local                     |    49|          9|    4|         36|
    |A_sign_address1_local                     |    49|          9|    4|         36|
    |A_sign_ce0                                |    37|          7|    1|          7|
    |A_sign_d0                                 |     9|          2|   32|         64|
    |A_sign_we0                                |     9|          2|    1|          2|
    |B_exp_shared_125_reg_3471                 |     9|          2|   32|         64|
    |B_mant_address0                           |    37|          7|    4|         28|
    |B_mant_address0_local                     |    49|          9|    4|         36|
    |B_mant_address1                           |     9|          2|    4|          8|
    |B_mant_address1_local                     |    49|          9|    4|         36|
    |B_mant_ce0                                |    37|          7|    1|          7|
    |B_mant_ce1                                |     9|          2|    1|          2|
    |B_mant_d0                                 |     9|          2|   32|         64|
    |B_mant_we0                                |     9|          2|    1|          2|
    |B_sign_address0                           |    37|          7|    4|         28|
    |B_sign_address0_local                     |    49|          9|    4|         36|
    |B_sign_address1                           |     9|          2|    4|          8|
    |B_sign_address1_local                     |    49|          9|    4|         36|
    |B_sign_ce0                                |    37|          7|    1|          7|
    |B_sign_ce1                                |     9|          2|    1|          2|
    |B_sign_d0                                 |     9|          2|   32|         64|
    |B_sign_we0                                |     9|          2|    1|          2|
    |Z_exp_shared_7_reg_3502                   |    37|          7|   32|        224|
    |Z_exp_shared_reg_3486                     |    14|          3|   32|         96|
    |Z_mant_address0                           |     9|          2|    4|          8|
    |Z_mant_address0_local                     |    49|          9|    4|         36|
    |Z_mant_address1_local                     |    49|          9|    4|         36|
    |Z_mant_ce0                                |     9|          2|    1|          2|
    |Z_mant_d0_local                           |   166|         37|   32|       1184|
    |Z_mant_d1_local                           |   166|         37|   32|       1184|
    |Z_sign_address0                           |     9|          2|    4|          8|
    |Z_sign_address0_local                     |    49|          9|    4|         36|
    |Z_sign_address1_local                     |    49|          9|    4|         36|
    |Z_sign_ce0                                |     9|          2|    1|          2|
    |Z_sign_d0_local                           |    65|         16|   32|        512|
    |Z_sign_d1_local                           |    65|         16|   32|        512|
    |ap_NS_fsm                                 |  2131|        404|    1|        404|
    |ap_done                                   |     9|          2|    1|          2|
    |ap_phi_mux_A_exp_shared_0_phi_fu_3463_p4  |     9|          2|   32|         64|
    |blk_idx_fu_220                            |     9|          2|   32|         64|
    |fp_in_address0                            |    14|          3|    4|         12|
    |fp_in_address0_local                      |    49|          9|    4|         36|
    |fp_in_address1_local                      |    49|          9|    4|         36|
    |fp_in_ce0                                 |    14|          3|    1|          3|
    |fp_in_d0                                  |     9|          2|   32|         64|
    |fp_in_we0                                 |     9|          2|    1|          2|
    |fp_out_address0                           |     9|          2|    4|          8|
    |fp_out_address0_local                     |    49|          9|    4|         36|
    |fp_out_address1_local                     |    49|          9|    4|         36|
    |fp_out_ce0                                |     9|          2|    1|          2|
    |fp_out_d0_local                           |    14|          3|   32|         96|
    |fp_out_d1_local                           |    14|          3|   32|         96|
    |gmem0_blk_n_AR                            |     9|          2|    1|          2|
    |gmem0_blk_n_AW                            |     9|          2|    1|          2|
    |gmem0_blk_n_B                             |     9|          2|    1|          2|
    |gmem0_blk_n_R                             |     9|          2|    1|          2|
    |gmem0_blk_n_W                             |     9|          2|    1|          2|
    |gmem1_0_ARADDR                            |    14|          3|   64|        192|
    |gmem1_blk_n_AR                            |     9|          2|    1|          2|
    |gmem1_blk_n_AW                            |     9|          2|    1|          2|
    |gmem1_blk_n_B                             |     9|          2|    1|          2|
    |gmem1_blk_n_R                             |     9|          2|    1|          2|
    |gmem1_blk_n_W                             |     9|          2|    1|          2|
    |gmem2_0_ARADDR                            |    14|          3|   64|        192|
    |gmem2_blk_n_AR                            |     9|          2|    1|          2|
    |gmem2_blk_n_AW                            |     9|          2|    1|          2|
    |gmem2_blk_n_B                             |     9|          2|    1|          2|
    |gmem2_blk_n_R                             |     9|          2|    1|          2|
    |gmem2_blk_n_W                             |     9|          2|    1|          2|
    |gmem3_0_ARADDR                            |    14|          3|   64|        192|
    |gmem3_blk_n_AR                            |     9|          2|    1|          2|
    |gmem3_blk_n_AW                            |     9|          2|    1|          2|
    |gmem3_blk_n_B                             |     9|          2|    1|          2|
    |gmem3_blk_n_R                             |     9|          2|    1|          2|
    |gmem3_blk_n_W                             |     9|          2|    1|          2|
    |ref_tmp58_address0                        |     9|          2|    4|          8|
    |ref_tmp58_address0_local                  |    49|          9|    4|         36|
    |ref_tmp58_address1_local                  |    49|          9|    4|         36|
    |ref_tmp58_ce0                             |     9|          2|    1|          2|
    |ref_tmp58_we0                             |     9|          2|    1|          2|
    |ref_tmp60_1_address0                      |     9|          2|    4|          8|
    |ref_tmp60_1_address0_local                |    49|          9|    4|         36|
    |ref_tmp60_1_address1                      |     9|          2|    4|          8|
    |ref_tmp60_1_address1_local                |    49|          9|    4|         36|
    |ref_tmp60_1_ce0                           |     9|          2|    1|          2|
    |ref_tmp60_1_ce1                           |     9|          2|    1|          2|
    |ref_tmp60_1_we0                           |     9|          2|    1|          2|
    |ref_tmp60_1_we1                           |     9|          2|    1|          2|
    |ref_tmp60_2_address0                      |     9|          2|    4|          8|
    |ref_tmp60_2_address0_local                |    49|          9|    4|         36|
    |ref_tmp60_2_address1                      |     9|          2|    4|          8|
    |ref_tmp60_2_address1_local                |    49|          9|    4|         36|
    |ref_tmp60_2_ce0                           |     9|          2|    1|          2|
    |ref_tmp60_2_ce1                           |     9|          2|    1|          2|
    |ref_tmp60_2_we0                           |     9|          2|    1|          2|
    |ref_tmp60_2_we1                           |     9|          2|    1|          2|
    |ref_tmp62_1_address0                      |     9|          2|    4|          8|
    |ref_tmp62_1_address0_local                |    49|          9|    4|         36|
    |ref_tmp62_1_address1                      |     9|          2|    4|          8|
    |ref_tmp62_1_address1_local                |    49|          9|    4|         36|
    |ref_tmp62_1_ce0                           |     9|          2|    1|          2|
    |ref_tmp62_1_ce1                           |     9|          2|    1|          2|
    |ref_tmp62_1_we0                           |     9|          2|    1|          2|
    |ref_tmp62_1_we1                           |     9|          2|    1|          2|
    |ref_tmp62_2_address0                      |     9|          2|    4|          8|
    |ref_tmp62_2_address0_local                |    49|          9|    4|         36|
    |ref_tmp62_2_address1                      |     9|          2|    4|          8|
    |ref_tmp62_2_address1_local                |    49|          9|    4|         36|
    |ref_tmp62_2_ce0                           |     9|          2|    1|          2|
    |ref_tmp62_2_ce1                           |     9|          2|    1|          2|
    |ref_tmp62_2_we0                           |     9|          2|    1|          2|
    |ref_tmp62_2_we1                           |     9|          2|    1|          2|
    |ref_tmp64_1_address0                      |     9|          2|    4|          8|
    |ref_tmp64_1_address0_local                |    49|          9|    4|         36|
    |ref_tmp64_1_address1                      |     9|          2|    4|          8|
    |ref_tmp64_1_address1_local                |    49|          9|    4|         36|
    |ref_tmp64_1_ce0                           |     9|          2|    1|          2|
    |ref_tmp64_1_ce1                           |     9|          2|    1|          2|
    |ref_tmp64_1_we0                           |     9|          2|    1|          2|
    |ref_tmp64_1_we1                           |     9|          2|    1|          2|
    |ref_tmp64_2_address0                      |     9|          2|    4|          8|
    |ref_tmp64_2_address0_local                |    49|          9|    4|         36|
    |ref_tmp64_2_address1                      |     9|          2|    4|          8|
    |ref_tmp64_2_address1_local                |    49|          9|    4|         36|
    |ref_tmp64_2_ce0                           |     9|          2|    1|          2|
    |ref_tmp64_2_ce1                           |     9|          2|    1|          2|
    |ref_tmp64_2_we0                           |     9|          2|    1|          2|
    |ref_tmp64_2_we1                           |     9|          2|    1|          2|
    |ref_tmp66_1_address0                      |     9|          2|    4|          8|
    |ref_tmp66_1_address0_local                |    49|          9|    4|         36|
    |ref_tmp66_1_address1                      |     9|          2|    4|          8|
    |ref_tmp66_1_address1_local                |    49|          9|    4|         36|
    |ref_tmp66_1_ce0                           |     9|          2|    1|          2|
    |ref_tmp66_1_ce1                           |     9|          2|    1|          2|
    |ref_tmp66_1_we0                           |     9|          2|    1|          2|
    |ref_tmp66_1_we1                           |     9|          2|    1|          2|
    |ref_tmp66_2_address0                      |     9|          2|    4|          8|
    |ref_tmp66_2_address0_local                |    49|          9|    4|         36|
    |ref_tmp66_2_address1                      |     9|          2|    4|          8|
    |ref_tmp66_2_address1_local                |    49|          9|    4|         36|
    |ref_tmp66_2_ce0                           |     9|          2|    1|          2|
    |ref_tmp66_2_ce1                           |     9|          2|    1|          2|
    |ref_tmp66_2_we0                           |     9|          2|    1|          2|
    |ref_tmp66_2_we1                           |     9|          2|    1|          2|
    |ref_tmp68_1_address0                      |     9|          2|    4|          8|
    |ref_tmp68_1_address0_local                |    49|          9|    4|         36|
    |ref_tmp68_1_address1                      |     9|          2|    4|          8|
    |ref_tmp68_1_address1_local                |    49|          9|    4|         36|
    |ref_tmp68_1_ce0                           |     9|          2|    1|          2|
    |ref_tmp68_1_ce1                           |     9|          2|    1|          2|
    |ref_tmp68_1_we0                           |     9|          2|    1|          2|
    |ref_tmp68_1_we1                           |     9|          2|    1|          2|
    |ref_tmp68_2_address0                      |     9|          2|    4|          8|
    |ref_tmp68_2_address0_local                |    49|          9|    4|         36|
    |ref_tmp68_2_address1                      |     9|          2|    4|          8|
    |ref_tmp68_2_address1_local                |    49|          9|    4|         36|
    |ref_tmp68_2_ce0                           |     9|          2|    1|          2|
    |ref_tmp68_2_ce1                           |     9|          2|    1|          2|
    |ref_tmp68_2_we0                           |     9|          2|    1|          2|
    |ref_tmp68_2_we1                           |     9|          2|    1|          2|
    |ref_tmp_1_address0                        |     9|          2|    4|          8|
    |ref_tmp_1_address0_local                  |    49|          9|    4|         36|
    |ref_tmp_1_address1                        |     9|          2|    4|          8|
    |ref_tmp_1_address1_local                  |    49|          9|    4|         36|
    |ref_tmp_1_ce0                             |     9|          2|    1|          2|
    |ref_tmp_1_ce1                             |     9|          2|    1|          2|
    |ref_tmp_1_we0                             |     9|          2|    1|          2|
    |ref_tmp_1_we1                             |     9|          2|    1|          2|
    |ref_tmp_2_address0                        |     9|          2|    4|          8|
    |ref_tmp_2_address0_local                  |    49|          9|    4|         36|
    |ref_tmp_2_address1                        |     9|          2|    4|          8|
    |ref_tmp_2_address1_local                  |    49|          9|    4|         36|
    |ref_tmp_2_ce0                             |     9|          2|    1|          2|
    |ref_tmp_2_ce1                             |     9|          2|    1|          2|
    |ref_tmp_2_we0                             |     9|          2|    1|          2|
    |ref_tmp_2_we1                             |     9|          2|    1|          2|
    +------------------------------------------+------+-----------+-----+-----------+
    |Total                                     |  6176|       1215| 1131|       7529|
    +------------------------------------------+------+-----------+-----+-----------+

    * Register: 
    +---------------------------------------------------------------+-----+----+-----+-----------+
    |                              Name                             |  FF | LUT| Bits| Const Bits|
    +---------------------------------------------------------------+-----+----+-----+-----------+
    |A_exp_shared_0_reg_3459                                        |   32|   0|   32|          0|
    |A_exp_shared_reg_6296                                          |   32|   0|   32|          0|
    |B_exp_shared_125_reg_3471                                      |   32|   0|   32|          0|
    |B_exp_shared_reg_6339                                          |   32|   0|   32|          0|
    |Z_exp_shared_1_reg_6400                                        |    5|   0|    5|          0|
    |Z_exp_shared_2_reg_6374                                        |    5|   0|    5|          0|
    |Z_exp_shared_3_reg_6369                                        |    5|   0|    5|          0|
    |Z_exp_shared_4_reg_6364                                        |    5|   0|    5|          0|
    |Z_exp_shared_5_reg_6359                                        |    5|   0|    5|          0|
    |Z_exp_shared_6_reg_6354                                        |    5|   0|    5|          0|
    |Z_exp_shared_7_reg_3502                                        |   32|   0|   32|          0|
    |Z_exp_shared_reg_3486                                          |   32|   0|   32|          0|
    |add_ln81_1_reg_6232                                            |   64|   0|   64|          0|
    |add_ln81_2_reg_6237                                            |   64|   0|   64|          0|
    |add_ln81_4_reg_6242                                            |   64|   0|   64|          0|
    |add_ln81_5_reg_6247                                            |   64|   0|   64|          0|
    |add_ln81_8_reg_6222                                            |   32|   0|   32|          0|
    |add_ln81_reg_6227                                              |   64|   0|   64|          0|
    |ap_CS_fsm                                                      |  403|   0|  403|          0|
    |ap_done_reg                                                    |    1|   0|    1|          0|
    |ap_predicate_pred1725_state243                                 |    1|   0|    1|          0|
    |ap_predicate_pred1725_state245                                 |    1|   0|    1|          0|
    |ap_predicate_pred1725_state246                                 |    1|   0|    1|          0|
    |ap_predicate_pred1725_state247                                 |    1|   0|    1|          0|
    |ap_predicate_pred1725_state248                                 |    1|   0|    1|          0|
    |ap_predicate_pred1725_state249                                 |    1|   0|    1|          0|
    |ap_predicate_pred1725_state250                                 |    1|   0|    1|          0|
    |ap_predicate_pred1725_state251                                 |    1|   0|    1|          0|
    |ap_predicate_pred1725_state252                                 |    1|   0|    1|          0|
    |ap_predicate_pred1728_state232                                 |    1|   0|    1|          0|
    |ap_predicate_pred1728_state233                                 |    1|   0|    1|          0|
    |ap_predicate_pred1728_state235                                 |    1|   0|    1|          0|
    |ap_predicate_pred1728_state236                                 |    1|   0|    1|          0|
    |ap_predicate_pred1728_state237                                 |    1|   0|    1|          0|
    |ap_predicate_pred1728_state238                                 |    1|   0|    1|          0|
    |ap_predicate_pred1728_state239                                 |    1|   0|    1|          0|
    |ap_predicate_pred1728_state240                                 |    1|   0|    1|          0|
    |ap_predicate_pred1728_state241                                 |    1|   0|    1|          0|
    |ap_predicate_pred1728_state9                                   |    1|   0|    1|          0|
    |ap_predicate_pred1730_state9                                   |    1|   0|    1|          0|
    |ap_predicate_pred1773_state232                                 |    1|   0|    1|          0|
    |ap_predicate_pred1773_state233                                 |    1|   0|    1|          0|
    |ap_predicate_pred1773_state235                                 |    1|   0|    1|          0|
    |ap_predicate_pred1773_state236                                 |    1|   0|    1|          0|
    |ap_predicate_pred1773_state237                                 |    1|   0|    1|          0|
    |ap_predicate_pred1773_state238                                 |    1|   0|    1|          0|
    |ap_predicate_pred1773_state239                                 |    1|   0|    1|          0|
    |ap_predicate_pred1773_state240                                 |    1|   0|    1|          0|
    |ap_predicate_pred1773_state241                                 |    1|   0|    1|          0|
    |ap_predicate_pred1779_state232                                 |    1|   0|    1|          0|
    |ap_predicate_pred1779_state233                                 |    1|   0|    1|          0|
    |ap_predicate_pred1779_state235                                 |    1|   0|    1|          0|
    |ap_predicate_pred1779_state236                                 |    1|   0|    1|          0|
    |ap_predicate_pred1779_state237                                 |    1|   0|    1|          0|
    |ap_predicate_pred1779_state238                                 |    1|   0|    1|          0|
    |ap_predicate_pred1779_state239                                 |    1|   0|    1|          0|
    |ap_predicate_pred1779_state240                                 |    1|   0|    1|          0|
    |ap_predicate_pred1779_state241                                 |    1|   0|    1|          0|
    |ap_predicate_pred1785_state232                                 |    1|   0|    1|          0|
    |ap_predicate_pred1785_state233                                 |    1|   0|    1|          0|
    |ap_predicate_pred1785_state235                                 |    1|   0|    1|          0|
    |ap_predicate_pred1785_state236                                 |    1|   0|    1|          0|
    |ap_predicate_pred1785_state237                                 |    1|   0|    1|          0|
    |ap_predicate_pred1785_state238                                 |    1|   0|    1|          0|
    |ap_predicate_pred1785_state239                                 |    1|   0|    1|          0|
    |ap_predicate_pred1785_state240                                 |    1|   0|    1|          0|
    |ap_predicate_pred1785_state241                                 |    1|   0|    1|          0|
    |ap_predicate_pred1791_state232                                 |    1|   0|    1|          0|
    |ap_predicate_pred1791_state233                                 |    1|   0|    1|          0|
    |ap_predicate_pred1791_state235                                 |    1|   0|    1|          0|
    |ap_predicate_pred1791_state236                                 |    1|   0|    1|          0|
    |ap_predicate_pred1791_state237                                 |    1|   0|    1|          0|
    |ap_predicate_pred1791_state238                                 |    1|   0|    1|          0|
    |ap_predicate_pred1791_state239                                 |    1|   0|    1|          0|
    |ap_predicate_pred1791_state240                                 |    1|   0|    1|          0|
    |ap_predicate_pred1791_state241                                 |    1|   0|    1|          0|
    |ap_predicate_pred1828_state243                                 |    1|   0|    1|          0|
    |ap_predicate_pred1828_state245                                 |    1|   0|    1|          0|
    |ap_predicate_pred1828_state246                                 |    1|   0|    1|          0|
    |ap_predicate_pred1828_state247                                 |    1|   0|    1|          0|
    |ap_predicate_pred1828_state248                                 |    1|   0|    1|          0|
    |ap_predicate_pred1828_state249                                 |    1|   0|    1|          0|
    |ap_predicate_pred1828_state250                                 |    1|   0|    1|          0|
    |ap_predicate_pred1828_state251                                 |    1|   0|    1|          0|
    |ap_predicate_pred1828_state252                                 |    1|   0|    1|          0|
    |ap_predicate_pred5759_state233                                 |    1|   0|    1|          0|
    |ap_predicate_pred5762_state243                                 |    1|   0|    1|          0|
    |ap_rst_n_inv                                                   |    1|   0|    1|          0|
    |ap_rst_reg_1                                                   |    1|   0|    1|          0|
    |ap_rst_reg_2                                                   |    1|   0|    1|          0|
    |blk_idx_fu_220                                                 |   32|   0|   32|          0|
    |cmp69_reg_5168                                                 |    1|   0|    1|          0|
    |empty_reg_6212                                                 |    1|   0|    1|          0|
    |gmem0_addr_read_reg_6279                                       |  512|   0|  512|          0|
    |gmem1_addr_1_reg_6311                                          |   64|   0|   64|          0|
    |gmem1_addr_2_reg_6379                                          |   64|   0|   64|          0|
    |gmem1_addr_reg_6257                                            |   64|   0|   64|          0|
    |gmem2_addr_1_read_reg_6344                                     |  512|   0|  512|          0|
    |gmem2_addr_read_reg_6301                                       |  512|   0|  512|          0|
    |gmem3_addr_1_read_reg_6349                                     |  512|   0|  512|          0|
    |gmem3_addr_read_reg_6306                                       |  512|   0|  512|          0|
    |grp_add_blocks_BFP_bias_5_7_16ul_s_fu_3617_ap_start_reg        |    1|   0|    1|          0|
    |grp_bfp_kernel_Pipeline_VITIS_LOOP_103_3_fu_3533_ap_start_reg  |    1|   0|    1|          0|
    |grp_bfp_kernel_Pipeline_VITIS_LOOP_113_4_fu_3541_ap_start_reg  |    1|   0|    1|          0|
    |grp_bfp_kernel_Pipeline_VITIS_LOOP_164_5_fu_3631_ap_start_reg  |    1|   0|    1|          0|
    |grp_bfp_kernel_Pipeline_VITIS_LOOP_171_6_fu_3637_ap_start_reg  |    1|   0|    1|          0|
    |grp_bfp_kernel_Pipeline_VITIS_LOOP_95_2_fu_3527_ap_start_reg   |    1|   0|    1|          0|
    |grp_decode_block_BFP_bias_5_7_16ul_s_fu_3549_ap_start_reg      |    1|   0|    1|          0|
    |grp_div_blocks_BFP_bias_5_7_16ul_s_fu_3575_ap_start_reg        |    1|   0|    1|          0|
    |grp_encode_block_BFP_bias_5_7_16ul_s_fu_3558_ap_start_reg      |    1|   0|    1|          0|
    |grp_mul_blocks_BFP_bias_5_7_16ul_1_fu_3589_ap_start_reg        |    1|   0|    1|          0|
    |grp_rcp_blocks_BFP_bias_5_7_16ul_s_fu_3565_ap_start_reg        |    1|   0|    1|          0|
    |grp_sub_blocks_BFP_bias_5_7_16ul_s_fu_3603_ap_start_reg        |    1|   0|    1|          0|
    |in_exp_a_read_reg_4491                                         |   64|   0|   64|          0|
    |in_exp_b_read_reg_4476                                         |   64|   0|   64|          0|
    |in_fp32_a_read_reg_4496                                        |   64|   0|   64|          0|
    |in_mant_a_read_reg_4481                                        |   64|   0|   64|          0|
    |in_mant_b_read_reg_4466                                        |   64|   0|   64|          0|
    |in_sign_a_read_reg_4486                                        |   64|   0|   64|          0|
    |in_sign_b_read_reg_4471                                        |   64|   0|   64|          0|
    |n_blocks_read_reg_4501                                         |   32|   0|   32|          0|
    |operation_read_reg_4506                                        |   32|   0|   32|          0|
    |out_exp_read_reg_4456                                          |   64|   0|   64|          0|
    |out_fp32_read_reg_4461                                         |   64|   0|   64|          0|
    |out_mant_read_reg_4446                                         |   64|   0|   64|          0|
    |out_sign_read_reg_4451                                         |   64|   0|   64|          0|
    |trunc_ln103_1_reg_6268                                         |   58|   0|   58|          0|
    |trunc_ln113_1_reg_6322                                         |   58|   0|   58|          0|
    |trunc_ln177_1_reg_6385                                         |   58|   0|   58|          0|
    |trunc_ln177_2_reg_6390                                         |   58|   0|   58|          0|
    |trunc_ln1_reg_6263                                             |   58|   0|   58|          0|
    |trunc_ln2_reg_6252                                             |   58|   0|   58|          0|
    |trunc_ln4_reg_6317                                             |   58|   0|   58|          0|
    |trunc_ln5_reg_6395                                             |   58|   0|   58|          0|
    +---------------------------------------------------------------+-----+----+-----+-----------+
    |Total                                                          | 5078|   0| 5078|          0|
    +---------------------------------------------------------------+-----+----+-----+-----------+



================================================================
== Interface
================================================================
* Summary: 
+-----------------------+-----+-----+---------------+--------------+--------------+
|       RTL Ports       | Dir | Bits|    Protocol   | Source Object|    C Type    |
+-----------------------+-----+-----+---------------+--------------+--------------+
|s_axi_control_AWVALID  |   in|    1|          s_axi|       control|        scalar|
|s_axi_control_AWREADY  |  out|    1|          s_axi|       control|        scalar|
|s_axi_control_AWADDR   |   in|    8|          s_axi|       control|        scalar|
|s_axi_control_WVALID   |   in|    1|          s_axi|       control|        scalar|
|s_axi_control_WREADY   |  out|    1|          s_axi|       control|        scalar|
|s_axi_control_WDATA    |   in|   32|          s_axi|       control|        scalar|
|s_axi_control_WSTRB    |   in|    4|          s_axi|       control|        scalar|
|s_axi_control_ARVALID  |   in|    1|          s_axi|       control|        scalar|
|s_axi_control_ARREADY  |  out|    1|          s_axi|       control|        scalar|
|s_axi_control_ARADDR   |   in|    8|          s_axi|       control|        scalar|
|s_axi_control_RVALID   |  out|    1|          s_axi|       control|        scalar|
|s_axi_control_RREADY   |   in|    1|          s_axi|       control|        scalar|
|s_axi_control_RDATA    |  out|   32|          s_axi|       control|        scalar|
|s_axi_control_RRESP    |  out|    2|          s_axi|       control|        scalar|
|s_axi_control_BVALID   |  out|    1|          s_axi|       control|        scalar|
|s_axi_control_BREADY   |   in|    1|          s_axi|       control|        scalar|
|s_axi_control_BRESP    |  out|    2|          s_axi|       control|        scalar|
|ap_clk                 |   in|    1|  ap_ctrl_chain|    bfp_kernel|  return value|
|ap_rst_n               |   in|    1|  ap_ctrl_chain|    bfp_kernel|  return value|
|interrupt              |  out|    1|  ap_ctrl_chain|    bfp_kernel|  return value|
|m_axi_gmem0_AWVALID    |  out|    1|          m_axi|         gmem0|       pointer|
|m_axi_gmem0_AWREADY    |   in|    1|          m_axi|         gmem0|       pointer|
|m_axi_gmem0_AWADDR     |  out|   64|          m_axi|         gmem0|       pointer|
|m_axi_gmem0_AWID       |  out|    1|          m_axi|         gmem0|       pointer|
|m_axi_gmem0_AWLEN      |  out|    8|          m_axi|         gmem0|       pointer|
|m_axi_gmem0_AWSIZE     |  out|    3|          m_axi|         gmem0|       pointer|
|m_axi_gmem0_AWBURST    |  out|    2|          m_axi|         gmem0|       pointer|
|m_axi_gmem0_AWLOCK     |  out|    2|          m_axi|         gmem0|       pointer|
|m_axi_gmem0_AWCACHE    |  out|    4|          m_axi|         gmem0|       pointer|
|m_axi_gmem0_AWPROT     |  out|    3|          m_axi|         gmem0|       pointer|
|m_axi_gmem0_AWQOS      |  out|    4|          m_axi|         gmem0|       pointer|
|m_axi_gmem0_AWREGION   |  out|    4|          m_axi|         gmem0|       pointer|
|m_axi_gmem0_AWUSER     |  out|    1|          m_axi|         gmem0|       pointer|
|m_axi_gmem0_WVALID     |  out|    1|          m_axi|         gmem0|       pointer|
|m_axi_gmem0_WREADY     |   in|    1|          m_axi|         gmem0|       pointer|
|m_axi_gmem0_WDATA      |  out|  512|          m_axi|         gmem0|       pointer|
|m_axi_gmem0_WSTRB      |  out|   64|          m_axi|         gmem0|       pointer|
|m_axi_gmem0_WLAST      |  out|    1|          m_axi|         gmem0|       pointer|
|m_axi_gmem0_WID        |  out|    1|          m_axi|         gmem0|       pointer|
|m_axi_gmem0_WUSER      |  out|    1|          m_axi|         gmem0|       pointer|
|m_axi_gmem0_ARVALID    |  out|    1|          m_axi|         gmem0|       pointer|
|m_axi_gmem0_ARREADY    |   in|    1|          m_axi|         gmem0|       pointer|
|m_axi_gmem0_ARADDR     |  out|   64|          m_axi|         gmem0|       pointer|
|m_axi_gmem0_ARID       |  out|    1|          m_axi|         gmem0|       pointer|
|m_axi_gmem0_ARLEN      |  out|    8|          m_axi|         gmem0|       pointer|
|m_axi_gmem0_ARSIZE     |  out|    3|          m_axi|         gmem0|       pointer|
|m_axi_gmem0_ARBURST    |  out|    2|          m_axi|         gmem0|       pointer|
|m_axi_gmem0_ARLOCK     |  out|    2|          m_axi|         gmem0|       pointer|
|m_axi_gmem0_ARCACHE    |  out|    4|          m_axi|         gmem0|       pointer|
|m_axi_gmem0_ARPROT     |  out|    3|          m_axi|         gmem0|       pointer|
|m_axi_gmem0_ARQOS      |  out|    4|          m_axi|         gmem0|       pointer|
|m_axi_gmem0_ARREGION   |  out|    4|          m_axi|         gmem0|       pointer|
|m_axi_gmem0_ARUSER     |  out|    1|          m_axi|         gmem0|       pointer|
|m_axi_gmem0_RVALID     |   in|    1|          m_axi|         gmem0|       pointer|
|m_axi_gmem0_RREADY     |  out|    1|          m_axi|         gmem0|       pointer|
|m_axi_gmem0_RDATA      |   in|  512|          m_axi|         gmem0|       pointer|
|m_axi_gmem0_RLAST      |   in|    1|          m_axi|         gmem0|       pointer|
|m_axi_gmem0_RID        |   in|    1|          m_axi|         gmem0|       pointer|
|m_axi_gmem0_RUSER      |   in|    1|          m_axi|         gmem0|       pointer|
|m_axi_gmem0_RRESP      |   in|    2|          m_axi|         gmem0|       pointer|
|m_axi_gmem0_BVALID     |   in|    1|          m_axi|         gmem0|       pointer|
|m_axi_gmem0_BREADY     |  out|    1|          m_axi|         gmem0|       pointer|
|m_axi_gmem0_BRESP      |   in|    2|          m_axi|         gmem0|       pointer|
|m_axi_gmem0_BID        |   in|    1|          m_axi|         gmem0|       pointer|
|m_axi_gmem0_BUSER      |   in|    1|          m_axi|         gmem0|       pointer|
|m_axi_gmem1_AWVALID    |  out|    1|          m_axi|         gmem1|       pointer|
|m_axi_gmem1_AWREADY    |   in|    1|          m_axi|         gmem1|       pointer|
|m_axi_gmem1_AWADDR     |  out|   64|          m_axi|         gmem1|       pointer|
|m_axi_gmem1_AWID       |  out|    1|          m_axi|         gmem1|       pointer|
|m_axi_gmem1_AWLEN      |  out|    8|          m_axi|         gmem1|       pointer|
|m_axi_gmem1_AWSIZE     |  out|    3|          m_axi|         gmem1|       pointer|
|m_axi_gmem1_AWBURST    |  out|    2|          m_axi|         gmem1|       pointer|
|m_axi_gmem1_AWLOCK     |  out|    2|          m_axi|         gmem1|       pointer|
|m_axi_gmem1_AWCACHE    |  out|    4|          m_axi|         gmem1|       pointer|
|m_axi_gmem1_AWPROT     |  out|    3|          m_axi|         gmem1|       pointer|
|m_axi_gmem1_AWQOS      |  out|    4|          m_axi|         gmem1|       pointer|
|m_axi_gmem1_AWREGION   |  out|    4|          m_axi|         gmem1|       pointer|
|m_axi_gmem1_AWUSER     |  out|    1|          m_axi|         gmem1|       pointer|
|m_axi_gmem1_WVALID     |  out|    1|          m_axi|         gmem1|       pointer|
|m_axi_gmem1_WREADY     |   in|    1|          m_axi|         gmem1|       pointer|
|m_axi_gmem1_WDATA      |  out|   32|          m_axi|         gmem1|       pointer|
|m_axi_gmem1_WSTRB      |  out|    4|          m_axi|         gmem1|       pointer|
|m_axi_gmem1_WLAST      |  out|    1|          m_axi|         gmem1|       pointer|
|m_axi_gmem1_WID        |  out|    1|          m_axi|         gmem1|       pointer|
|m_axi_gmem1_WUSER      |  out|    1|          m_axi|         gmem1|       pointer|
|m_axi_gmem1_ARVALID    |  out|    1|          m_axi|         gmem1|       pointer|
|m_axi_gmem1_ARREADY    |   in|    1|          m_axi|         gmem1|       pointer|
|m_axi_gmem1_ARADDR     |  out|   64|          m_axi|         gmem1|       pointer|
|m_axi_gmem1_ARID       |  out|    1|          m_axi|         gmem1|       pointer|
|m_axi_gmem1_ARLEN      |  out|    8|          m_axi|         gmem1|       pointer|
|m_axi_gmem1_ARSIZE     |  out|    3|          m_axi|         gmem1|       pointer|
|m_axi_gmem1_ARBURST    |  out|    2|          m_axi|         gmem1|       pointer|
|m_axi_gmem1_ARLOCK     |  out|    2|          m_axi|         gmem1|       pointer|
|m_axi_gmem1_ARCACHE    |  out|    4|          m_axi|         gmem1|       pointer|
|m_axi_gmem1_ARPROT     |  out|    3|          m_axi|         gmem1|       pointer|
|m_axi_gmem1_ARQOS      |  out|    4|          m_axi|         gmem1|       pointer|
|m_axi_gmem1_ARREGION   |  out|    4|          m_axi|         gmem1|       pointer|
|m_axi_gmem1_ARUSER     |  out|    1|          m_axi|         gmem1|       pointer|
|m_axi_gmem1_RVALID     |   in|    1|          m_axi|         gmem1|       pointer|
|m_axi_gmem1_RREADY     |  out|    1|          m_axi|         gmem1|       pointer|
|m_axi_gmem1_RDATA      |   in|   32|          m_axi|         gmem1|       pointer|
|m_axi_gmem1_RLAST      |   in|    1|          m_axi|         gmem1|       pointer|
|m_axi_gmem1_RID        |   in|    1|          m_axi|         gmem1|       pointer|
|m_axi_gmem1_RUSER      |   in|    1|          m_axi|         gmem1|       pointer|
|m_axi_gmem1_RRESP      |   in|    2|          m_axi|         gmem1|       pointer|
|m_axi_gmem1_BVALID     |   in|    1|          m_axi|         gmem1|       pointer|
|m_axi_gmem1_BREADY     |  out|    1|          m_axi|         gmem1|       pointer|
|m_axi_gmem1_BRESP      |   in|    2|          m_axi|         gmem1|       pointer|
|m_axi_gmem1_BID        |   in|    1|          m_axi|         gmem1|       pointer|
|m_axi_gmem1_BUSER      |   in|    1|          m_axi|         gmem1|       pointer|
|m_axi_gmem2_AWVALID    |  out|    1|          m_axi|         gmem2|       pointer|
|m_axi_gmem2_AWREADY    |   in|    1|          m_axi|         gmem2|       pointer|
|m_axi_gmem2_AWADDR     |  out|   64|          m_axi|         gmem2|       pointer|
|m_axi_gmem2_AWID       |  out|    1|          m_axi|         gmem2|       pointer|
|m_axi_gmem2_AWLEN      |  out|    8|          m_axi|         gmem2|       pointer|
|m_axi_gmem2_AWSIZE     |  out|    3|          m_axi|         gmem2|       pointer|
|m_axi_gmem2_AWBURST    |  out|    2|          m_axi|         gmem2|       pointer|
|m_axi_gmem2_AWLOCK     |  out|    2|          m_axi|         gmem2|       pointer|
|m_axi_gmem2_AWCACHE    |  out|    4|          m_axi|         gmem2|       pointer|
|m_axi_gmem2_AWPROT     |  out|    3|          m_axi|         gmem2|       pointer|
|m_axi_gmem2_AWQOS      |  out|    4|          m_axi|         gmem2|       pointer|
|m_axi_gmem2_AWREGION   |  out|    4|          m_axi|         gmem2|       pointer|
|m_axi_gmem2_AWUSER     |  out|    1|          m_axi|         gmem2|       pointer|
|m_axi_gmem2_WVALID     |  out|    1|          m_axi|         gmem2|       pointer|
|m_axi_gmem2_WREADY     |   in|    1|          m_axi|         gmem2|       pointer|
|m_axi_gmem2_WDATA      |  out|  512|          m_axi|         gmem2|       pointer|
|m_axi_gmem2_WSTRB      |  out|   64|          m_axi|         gmem2|       pointer|
|m_axi_gmem2_WLAST      |  out|    1|          m_axi|         gmem2|       pointer|
|m_axi_gmem2_WID        |  out|    1|          m_axi|         gmem2|       pointer|
|m_axi_gmem2_WUSER      |  out|    1|          m_axi|         gmem2|       pointer|
|m_axi_gmem2_ARVALID    |  out|    1|          m_axi|         gmem2|       pointer|
|m_axi_gmem2_ARREADY    |   in|    1|          m_axi|         gmem2|       pointer|
|m_axi_gmem2_ARADDR     |  out|   64|          m_axi|         gmem2|       pointer|
|m_axi_gmem2_ARID       |  out|    1|          m_axi|         gmem2|       pointer|
|m_axi_gmem2_ARLEN      |  out|    8|          m_axi|         gmem2|       pointer|
|m_axi_gmem2_ARSIZE     |  out|    3|          m_axi|         gmem2|       pointer|
|m_axi_gmem2_ARBURST    |  out|    2|          m_axi|         gmem2|       pointer|
|m_axi_gmem2_ARLOCK     |  out|    2|          m_axi|         gmem2|       pointer|
|m_axi_gmem2_ARCACHE    |  out|    4|          m_axi|         gmem2|       pointer|
|m_axi_gmem2_ARPROT     |  out|    3|          m_axi|         gmem2|       pointer|
|m_axi_gmem2_ARQOS      |  out|    4|          m_axi|         gmem2|       pointer|
|m_axi_gmem2_ARREGION   |  out|    4|          m_axi|         gmem2|       pointer|
|m_axi_gmem2_ARUSER     |  out|    1|          m_axi|         gmem2|       pointer|
|m_axi_gmem2_RVALID     |   in|    1|          m_axi|         gmem2|       pointer|
|m_axi_gmem2_RREADY     |  out|    1|          m_axi|         gmem2|       pointer|
|m_axi_gmem2_RDATA      |   in|  512|          m_axi|         gmem2|       pointer|
|m_axi_gmem2_RLAST      |   in|    1|          m_axi|         gmem2|       pointer|
|m_axi_gmem2_RID        |   in|    1|          m_axi|         gmem2|       pointer|
|m_axi_gmem2_RUSER      |   in|    1|          m_axi|         gmem2|       pointer|
|m_axi_gmem2_RRESP      |   in|    2|          m_axi|         gmem2|       pointer|
|m_axi_gmem2_BVALID     |   in|    1|          m_axi|         gmem2|       pointer|
|m_axi_gmem2_BREADY     |  out|    1|          m_axi|         gmem2|       pointer|
|m_axi_gmem2_BRESP      |   in|    2|          m_axi|         gmem2|       pointer|
|m_axi_gmem2_BID        |   in|    1|          m_axi|         gmem2|       pointer|
|m_axi_gmem2_BUSER      |   in|    1|          m_axi|         gmem2|       pointer|
|m_axi_gmem3_AWVALID    |  out|    1|          m_axi|         gmem3|       pointer|
|m_axi_gmem3_AWREADY    |   in|    1|          m_axi|         gmem3|       pointer|
|m_axi_gmem3_AWADDR     |  out|   64|          m_axi|         gmem3|       pointer|
|m_axi_gmem3_AWID       |  out|    1|          m_axi|         gmem3|       pointer|
|m_axi_gmem3_AWLEN      |  out|    8|          m_axi|         gmem3|       pointer|
|m_axi_gmem3_AWSIZE     |  out|    3|          m_axi|         gmem3|       pointer|
|m_axi_gmem3_AWBURST    |  out|    2|          m_axi|         gmem3|       pointer|
|m_axi_gmem3_AWLOCK     |  out|    2|          m_axi|         gmem3|       pointer|
|m_axi_gmem3_AWCACHE    |  out|    4|          m_axi|         gmem3|       pointer|
|m_axi_gmem3_AWPROT     |  out|    3|          m_axi|         gmem3|       pointer|
|m_axi_gmem3_AWQOS      |  out|    4|          m_axi|         gmem3|       pointer|
|m_axi_gmem3_AWREGION   |  out|    4|          m_axi|         gmem3|       pointer|
|m_axi_gmem3_AWUSER     |  out|    1|          m_axi|         gmem3|       pointer|
|m_axi_gmem3_WVALID     |  out|    1|          m_axi|         gmem3|       pointer|
|m_axi_gmem3_WREADY     |   in|    1|          m_axi|         gmem3|       pointer|
|m_axi_gmem3_WDATA      |  out|  512|          m_axi|         gmem3|       pointer|
|m_axi_gmem3_WSTRB      |  out|   64|          m_axi|         gmem3|       pointer|
|m_axi_gmem3_WLAST      |  out|    1|          m_axi|         gmem3|       pointer|
|m_axi_gmem3_WID        |  out|    1|          m_axi|         gmem3|       pointer|
|m_axi_gmem3_WUSER      |  out|    1|          m_axi|         gmem3|       pointer|
|m_axi_gmem3_ARVALID    |  out|    1|          m_axi|         gmem3|       pointer|
|m_axi_gmem3_ARREADY    |   in|    1|          m_axi|         gmem3|       pointer|
|m_axi_gmem3_ARADDR     |  out|   64|          m_axi|         gmem3|       pointer|
|m_axi_gmem3_ARID       |  out|    1|          m_axi|         gmem3|       pointer|
|m_axi_gmem3_ARLEN      |  out|    8|          m_axi|         gmem3|       pointer|
|m_axi_gmem3_ARSIZE     |  out|    3|          m_axi|         gmem3|       pointer|
|m_axi_gmem3_ARBURST    |  out|    2|          m_axi|         gmem3|       pointer|
|m_axi_gmem3_ARLOCK     |  out|    2|          m_axi|         gmem3|       pointer|
|m_axi_gmem3_ARCACHE    |  out|    4|          m_axi|         gmem3|       pointer|
|m_axi_gmem3_ARPROT     |  out|    3|          m_axi|         gmem3|       pointer|
|m_axi_gmem3_ARQOS      |  out|    4|          m_axi|         gmem3|       pointer|
|m_axi_gmem3_ARREGION   |  out|    4|          m_axi|         gmem3|       pointer|
|m_axi_gmem3_ARUSER     |  out|    1|          m_axi|         gmem3|       pointer|
|m_axi_gmem3_RVALID     |   in|    1|          m_axi|         gmem3|       pointer|
|m_axi_gmem3_RREADY     |  out|    1|          m_axi|         gmem3|       pointer|
|m_axi_gmem3_RDATA      |   in|  512|          m_axi|         gmem3|       pointer|
|m_axi_gmem3_RLAST      |   in|    1|          m_axi|         gmem3|       pointer|
|m_axi_gmem3_RID        |   in|    1|          m_axi|         gmem3|       pointer|
|m_axi_gmem3_RUSER      |   in|    1|          m_axi|         gmem3|       pointer|
|m_axi_gmem3_RRESP      |   in|    2|          m_axi|         gmem3|       pointer|
|m_axi_gmem3_BVALID     |   in|    1|          m_axi|         gmem3|       pointer|
|m_axi_gmem3_BREADY     |  out|    1|          m_axi|         gmem3|       pointer|
|m_axi_gmem3_BRESP      |   in|    2|          m_axi|         gmem3|       pointer|
|m_axi_gmem3_BID        |   in|    1|          m_axi|         gmem3|       pointer|
|m_axi_gmem3_BUSER      |   in|    1|          m_axi|         gmem3|       pointer|
+-----------------------+-----+-----+---------------+--------------+--------------+
